0 info it worked if it ends with ok
1 verbose cli [ 'node', '/usr/local/bin/npm', 'install', '-g', 'yo' ]
2 info using npm@2.5.1
3 info using node@v0.12.1
4 silly cache add args [ 'yo', null ]
5 verbose cache add spec yo
6 silly cache add parsed spec { raw: 'yo',
6 silly cache add   scope: null,
6 silly cache add   name: 'yo',
6 silly cache add   rawSpec: '',
6 silly cache add   spec: '*',
6 silly cache add   type: 'range' }
7 verbose addNamed yo@*
8 silly addNamed semver.valid null
9 silly addNamed semver.validRange *
10 silly addNameRange { name: 'yo', range: '*', hasData: false }
11 silly mapToRegistry name yo
12 silly mapToRegistry using default registry
13 silly mapToRegistry registry https://registry.npmjs.org/
14 silly mapToRegistry uri https://registry.npmjs.org/yo
15 verbose addNameRange registry:https://registry.npmjs.org/yo not in flight; fetching
16 verbose request uri https://registry.npmjs.org/yo
17 verbose request no auth needed
18 info attempt registry request try #1 at 3:17:56 PM
19 verbose request id 2062f7231457b16c
20 http request GET https://registry.npmjs.org/yo
21 http 200 https://registry.npmjs.org/yo
22 silly get cb [ 200,
22 silly get   { date: 'Tue, 31 Mar 2015 21:17:57 GMT',
22 silly get     server: 'CouchDB/1.5.0 (Erlang OTP/R16B03)',
22 silly get     etag: '"6IEZETZ7AQIYUV2PGRGB4SK6"',
22 silly get     'content-type': 'application/json',
22 silly get     'cache-control': 'max-age=60',
22 silly get     'content-length': '30713',
22 silly get     'accept-ranges': 'bytes',
22 silly get     via: '1.1 varnish',
22 silly get     age: '56',
22 silly get     'x-served-by': 'cache-dfw1828-DFW',
22 silly get     'x-cache': 'HIT',
22 silly get     'x-cache-hits': '1',
22 silly get     'x-timer': 'S1427836677.088567,VS0,VE0',
22 silly get     vary: 'Accept',
22 silly get     'keep-alive': 'timeout=10, max=50',
22 silly get     connection: 'Keep-Alive' } ]
23 verbose get saving yo to /Users/mmosholder/.npm/registry.npmjs.org/yo/.cache.json
24 verbose getCacheStat cache creation not in flight; initializing
25 silly addNameRange number 2 { name: 'yo', range: '*', hasData: true }
26 silly addNameRange versions [ 'yo',
26 silly addNameRange   [ '1.1.0',
26 silly addNameRange     '1.1.1',
26 silly addNameRange     '1.1.2',
26 silly addNameRange     '1.2.0',
26 silly addNameRange     '1.2.1',
26 silly addNameRange     '1.3.0',
26 silly addNameRange     '1.3.2',
26 silly addNameRange     '1.3.3',
26 silly addNameRange     '1.4.1',
26 silly addNameRange     '1.4.2',
26 silly addNameRange     '1.4.4',
26 silly addNameRange     '1.4.5',
26 silly addNameRange     '1.4.6' ] ]
27 verbose addNamed yo@1.4.6
28 silly addNamed semver.valid 1.4.6
29 silly addNamed semver.validRange 1.4.6
30 silly mapToRegistry name yo
31 silly mapToRegistry using default registry
32 silly mapToRegistry registry https://registry.npmjs.org/
33 silly mapToRegistry uri https://registry.npmjs.org/yo
34 verbose addRemoteTarball https://registry.npmjs.org/yo/-/yo-1.4.6.tgz not in flight; adding
35 verbose addRemoteTarball [ 'https://registry.npmjs.org/yo/-/yo-1.4.6.tgz',
35 verbose addRemoteTarball   '16e03e9af7be4805ef6142cdbb1d15f33504b37b' ]
36 info retry fetch attempt 1 at 3:17:57 PM
37 info attempt registry request try #1 at 3:17:57 PM
38 http fetch GET https://registry.npmjs.org/yo/-/yo-1.4.6.tgz
39 http fetch 200 https://registry.npmjs.org/yo/-/yo-1.4.6.tgz
40 silly fetchAndShaCheck shasum 16e03e9af7be4805ef6142cdbb1d15f33504b37b
41 verbose addTmpTarball /var/folders/1w/mjstjg1s6ss0_n063vf30q7c0000gn/T/npm-7467-490efacd/registry.npmjs.org/yo/-/yo-1.4.6.tgz not in flight; adding
42 verbose addTmpTarball already have metadata; skipping unpack for yo@1.4.6
43 silly cache afterAdd yo@1.4.6
44 verbose afterAdd /Users/mmosholder/.npm/yo/1.4.6/package/package.json not in flight; writing
45 verbose afterAdd /Users/mmosholder/.npm/yo/1.4.6/package/package.json written
46 silly install resolved [ { name: 'yo',
46 silly install resolved     version: '1.4.6',
46 silly install resolved     description: 'CLI tool for running Yeoman generators',
46 silly install resolved     license: 'BSD',
46 silly install resolved     bin: { yo: 'lib/cli.js' },
46 silly install resolved     author: { name: 'Yeoman team' },
46 silly install resolved     repository: { type: 'git', url: 'https://github.com/yeoman/yo' },
46 silly install resolved     engines: { node: '>=0.10.0', npm: '>=2.1.0' },
46 silly install resolved     scripts:
46 silly install resolved      { test: 'jshint . && mocha test/**/*.js',
46 silly install resolved        postinstall: 'yodoctor',
46 silly install resolved        postupdate: 'yodoctor',
46 silly install resolved        prepublish: 'nsp audit-package' },
46 silly install resolved     files: [ 'lib' ],
46 silly install resolved     keywords:
46 silly install resolved      [ 'cli-app',
46 silly install resolved        'cli',
46 silly install resolved        'bin',
46 silly install resolved        'front-end',
46 silly install resolved        'development',
46 silly install resolved        'dev',
46 silly install resolved        'build',
46 silly install resolved        'web',
46 silly install resolved        'tool',
46 silly install resolved        'scaffold',
46 silly install resolved        'stack',
46 silly install resolved        'yeoman',
46 silly install resolved        'generator',
46 silly install resolved        'generate',
46 silly install resolved        'app',
46 silly install resolved        'boilerplate' ],
46 silly install resolved     dependencies:
46 silly install resolved      { 'array-uniq': '^1.0.2',
46 silly install resolved        async: '^0.9.0',
46 silly install resolved        chalk: '^1.0.0',
46 silly install resolved        configstore: '^0.3.1',
46 silly install resolved        'cross-spawn': '^0.2.3',
46 silly install resolved        figures: '^1.3.5',
46 silly install resolved        findup: '^0.1.5',
46 silly install resolved        fullname: '^1.0.0',
46 silly install resolved        got: '^2.4.0',
46 silly install resolved        'humanize-string': '^1.0.0',
46 silly install resolved        inquirer: '^0.8.0',
46 silly install resolved        insight: '^0.5.0',
46 silly install resolved        lodash: '^3.2.0',
46 silly install resolved        meow: '^3.0.0',
46 silly install resolved        'npm-keyword': '^1.1.1',
46 silly install resolved        opn: '^1.0.0',
46 silly install resolved        'package-json': '^1.1.0',
46 silly install resolved        'root-check': '^1.0.0',
46 silly install resolved        'sort-on': '^1.0.0',
46 silly install resolved        'string-length': '^1.0.0',
46 silly install resolved        titleize: '^1.0.0',
46 silly install resolved        'update-notifier': '^0.3.0',
46 silly install resolved        'user-home': '^1.1.0',
46 silly install resolved        'yeoman-character': '^1.0.0',
46 silly install resolved        'yeoman-doctor': '^1.0.0',
46 silly install resolved        'yeoman-environment': '^1.0.1',
46 silly install resolved        yosay: '^1.0.0' },
46 silly install resolved     devDependencies:
46 silly install resolved      { jshint: '^2.5.11',
46 silly install resolved        mocha: '^2.1.0',
46 silly install resolved        mockery: '^1.4.0',
46 silly install resolved        nock: '^0.59.1',
46 silly install resolved        nsp: '*',
46 silly install resolved        proxyquire: '^1.0.1',
46 silly install resolved        'registry-url': '^3.0.0',
46 silly install resolved        sinon: '^1.12.1' },
46 silly install resolved     preferGlobal: true,
46 silly install resolved     gitHead: '987fe12a608e7b6318c2563a6140583e796d9db5',
46 silly install resolved     bugs: { url: 'https://github.com/yeoman/yo/issues' },
46 silly install resolved     homepage: 'https://github.com/yeoman/yo',
46 silly install resolved     _id: 'yo@1.4.6',
46 silly install resolved     _shasum: '16e03e9af7be4805ef6142cdbb1d15f33504b37b',
46 silly install resolved     _from: 'yo@*',
46 silly install resolved     _npmVersion: '1.4.28',
46 silly install resolved     _npmUser: { name: 'sindresorhus', email: 'sindresorhus@gmail.com' },
46 silly install resolved     maintainers: [ [Object], [Object], [Object], [Object], [Object], [Object] ],
46 silly install resolved     dist:
46 silly install resolved      { shasum: '16e03e9af7be4805ef6142cdbb1d15f33504b37b',
46 silly install resolved        tarball: 'http://registry.npmjs.org/yo/-/yo-1.4.6.tgz' },
46 silly install resolved     directories: {},
46 silly install resolved     _resolved: 'https://registry.npmjs.org/yo/-/yo-1.4.6.tgz' } ]
47 info install yo@1.4.6 into /usr/local/lib
48 info installOne yo@1.4.6
49 verbose installOne of yo to /usr/local/lib not in flight; installing
50 verbose lock using /Users/mmosholder/.npm/_locks/yo-c80abb7e04f27e35.lock for /usr/local/lib/node_modules/yo
51 silly install write writing yo 1.4.6 to /usr/local/lib/node_modules/yo
52 silly cache addNamed cb yo@1.4.6
53 verbose unbuild lib/node_modules/yo
54 verbose gentlyRm vacuuming /usr/local/lib/node_modules/yo
55 verbose tar unpack /Users/mmosholder/.npm/yo/1.4.6/package.tgz
56 verbose tar unpacking to /usr/local/lib/node_modules/yo
57 verbose gentlyRm vacuuming /usr/local/lib/node_modules/yo
58 silly gunzTarPerm modes [ '755', '644' ]
59 error tar.unpack untar error /Users/mmosholder/.npm/yo/1.4.6/package.tgz
60 verbose unlock done using /Users/mmosholder/.npm/_locks/yo-c80abb7e04f27e35.lock for /usr/local/lib/node_modules/yo
61 verbose fstream_path /usr/local/lib/node_modules/yo
62 verbose fstream_type Directory
63 verbose fstream_class DirWriter
64 verbose stack Error: EACCES, mkdir '/usr/local/lib/node_modules/yo'
64 verbose stack     at Error (native)
65 verbose fstream_stack /usr/local/lib/node_modules/npm/node_modules/fstream/lib/dir-writer.js:36:23
65 verbose fstream_stack /usr/local/lib/node_modules/npm/node_modules/mkdirp/index.js:46:53
65 verbose fstream_stack FSReqWrap.oncomplete (fs.js:99:15)
66 verbose cwd /Users/mmosholder/projects/responsive-exercise
67 error Darwin 14.1.0
68 error argv "node" "/usr/local/bin/npm" "install" "-g" "yo"
69 error node v0.12.1
70 error npm  v2.5.1
71 error path /usr/local/lib/node_modules/yo
72 error code EACCES
73 error errno -13
74 error Error: EACCES, mkdir '/usr/local/lib/node_modules/yo'
74 error     at Error (native)
74 error  { [Error: EACCES, mkdir '/usr/local/lib/node_modules/yo']
74 error   errno: -13,
74 error   code: 'EACCES',
74 error   path: '/usr/local/lib/node_modules/yo',
74 error   fstream_type: 'Directory',
74 error   fstream_path: '/usr/local/lib/node_modules/yo',
74 error   fstream_class: 'DirWriter',
74 error   fstream_stack:
74 error    [ '/usr/local/lib/node_modules/npm/node_modules/fstream/lib/dir-writer.js:36:23',
74 error      '/usr/local/lib/node_modules/npm/node_modules/mkdirp/index.js:46:53',
74 error      'FSReqWrap.oncomplete (fs.js:99:15)' ] }
75 error Please try running this command again as root/Administrator.
76 verbose exit [ -13, true ]
77 verbose unbuild lib/node_modules/yo
78 verbose gentlyRm vacuuming /usr/local/lib/node_modules/yo
